Arguments: 
  /usr/local/Cellar/node/13.3.0_1/bin/node /usr/local/Cellar/yarn/1.21.1/libexec/bin/yarn.js

PATH: 
  /usr/local/opt/php@7.1/sbin:/usr/local/opt/php@7.1/bin:/usr/local/opt/curl-openssl/bin:/usr/local/opt/openldap/sbin:/usr/local/opt/openldap/bin:/usr/local/opt/gettext/bin:/usr/local/opt/openssl/bin:/usr/local/bin:/usr/bin:/bin:/usr/sbin:/sbin:/usr/local/opt/php@7.1/sbin:/usr/local/opt/php@7.1/bin:/usr/local/opt/curl-openssl/bin:/usr/local/opt/openldap/sbin:/usr/local/opt/openldap/bin:/usr/local/opt/gettext/bin:/usr/local/opt/openssl/bin:/Users/nicolasdelcastillo/.rvm/bin

Yarn version: 
  1.21.1

Node version: 
  13.3.0

Platform: 
  darwin x64

Trace: 
  Error: https://registry.yarnpkg.com/@material-ui/icons/-/icons-4.9.1.tgz: ESOCKETTIMEDOUT
      at ClientRequest.<anonymous> (/usr/local/Cellar/yarn/1.21.1/libexec/lib/cli.js:141292:19)
      at Object.onceWrapper (events.js:308:28)
      at ClientRequest.emit (events.js:219:5)
      at TLSSocket.emitRequestTimeout (_http_client.js:705:9)
      at Object.onceWrapper (events.js:308:28)
      at TLSSocket.emit (events.js:219:5)
      at TLSSocket.Socket._onTimeout (net.js:476:8)
      at listOnTimeout (internal/timers.js:536:17)
      at processTimers (internal/timers.js:480:7)

npm manifest: 
  {
    "private": true,
    "scripts": {
      "dev": "npm run development",
      "development": "cross-env NODE_ENV=development node_modules/webpack/bin/webpack.js --progress --hide-modules --config=node_modules/laravel-mix/setup/webpack.config.js",
      "watch": "cross-env NODE_ENV=development node_modules/webpack/bin/webpack.js --watch --progress --hide-modules --config=node_modules/laravel-mix/setup/webpack.config.js",
      "watch-poll": "npm run watch -- --watch-poll",
      "hot": "cross-env NODE_ENV=development node_modules/webpack-dev-server/bin/webpack-dev-server.js --inline --hot --config=node_modules/laravel-mix/setup/webpack.config.js",
      "prod": "npm run production",
      "production": "cross-env NODE_ENV=production node_modules/webpack/bin/webpack.js --no-progress --hide-modules --config=node_modules/laravel-mix/setup/webpack.config.js"
    },
    "devDependencies": {
      "@babel/core": "^7.3.3",
      "@babel/preset-env": "^7.3.1",
      "@babel/preset-react": "^7.0.0",
      "@fortawesome/fontawesome-free": "^5.9.0",
      "axios": "^0.18.1",
      "babel-core": "^6.26.3",
      "babel-preset-env": "^1.7.0",
      "babel-preset-react": "^6.23.0",
      "bootstrap": "^4.4.1",
      "bootstrap-sass": "^3.4.1",
      "browser-sync": "^2.26.7",
      "browser-sync-webpack-plugin": "^2.2.2",
      "copy-webpack-plugin": "^4.6.0",
      "cross-env": "^5.2.0",
      "jquery": "^3.4.1",
      "laravel-localization-loader": "^1.0.5",
      "laravel-mix": "^4.0.7",
      "laravel-mix-merge-manifest": "^0.1.2",
      "lodash": "^4.17.11",
      "node-sass": "^4.13.1",
      "popper.js": "^1.15.0",
      "react": "^16.12.0",
      "react-dom": "^16.12.0",
      "react-redux": "^7.1.0",
      "redux": "^4.0.1",
      "resolve-url-loader": "^3.1.0",
      "sass": "^1.22.12",
      "sass-loader": "^7.3.1",
      "webpack-shell-plugin": "^0.5.0"
    },
    "dependencies": {
      "@material-ui/core": "^4.9.1",
      "@material-ui/icons": "^4.5.1",
      "apollo-boost": "^0.4.7",
      "classnames": "^2.2.6",
      "dotenv": "^8.2.0",
      "font-awesome": "^4.7.0",
      "graphql": "^14.5.8",
      "immutability-helper": "^2.9.1",
      "install": "^0.12.2",
      "jsonpath": "^1.0.2",
      "jsx-to-string": "^1.4.0",
      "lang.js": "^1.1.14",
      "leaflet": "^1.5.1",
      "lodash.assign": "^4.2.0",
      "match-sorter": "^3.1.1",
      "material-kit-react": "^1.8.0",
      "moment": "^2.24.0",
      "prop-types": "^15.7.2",
      "radium": "^0.24.1",
      "react-autosuggest": "^9.4.3",
      "react-bootstrap": "^0.32.4",
      "react-bootstrap-select": "^0.14.0",
      "react-cropper": "^1.2.0",
      "react-data-grid": "^6.1.0",
      "react-data-grid-addons": "^6.1.0",
      "react-datepicker": "^1.8.0",
      "react-dnd": "^2.6.0",
      "react-dnd-html5-backend": "^2.6.0",
      "react-file-picker": "0.0.6",
      "react-hover": "^1.4.0",
      "react-json-editor-ajrm": "^2.5.9",
      "react-leaflet": "^1.9.1",
      "react-masonry-component": "^6.2.1",
      "react-modal-bootstrap": "^1.1.1",
      "react-number-format": "^4.4.1",
      "react-quill": "^1.3.3",
      "react-select": "^2.4.4",
      "react-slick": "^0.23.2",
      "react-switch": "^5.0.1",
      "react-table": "^6.10.0",
      "redux-logger": "^3.0.6",
      "redux-thunk": "^2.3.0",
      "rodal": "^1.6.3",
      "slugify": "^1.3.4"
    }
  }

yarn manifest: 
  No manifest

Lockfile: 
  No lockfile
